2025-08-21 10:50:56 - feat: add data visualization layer
2025-08-21 12:11:56 - docs: document API endpoints
2025-08-24 13:19:56 - docs: document API endpoints
2025-08-27 09:52:56 - fix: resolve dependency conflicts
2025-08-27 09:21:56 - refactor: optimize data loading performance
2025-08-27 19:18:56 - docs: add comprehensive README
2025-08-27 16:50:56 - feat: implement core logic
2025-09-02 08:44:56 - fix: resolve dependency conflicts
2025-09-02 11:20:56 - docs: document API endpoints
2025-09-02 09:29:56 - feat: implement core logic
2025-09-02 20:30:56 - feat: implement model evaluation metrics
2025-09-04 15:02:56 - feat: add data visualization layer
2025-09-04 19:07:56 - feat: add data visualization layer
2025-09-04 18:41:56 - feat: implement model evaluation metrics
2025-09-04 11:57:56 - feat: implement model evaluation metrics
2025-09-04 16:43:56 - feat: implement core logic
2025-09-10 20:44:56 - fix: resolve dependency conflicts
2025-09-10 15:26:56 - docs: add comprehensive README
2025-09-14 13:48:56 - chore: update requirements.txt
2025-09-14 21:35:56 - fix: resolve dependency conflicts
2025-09-14 14:44:56 - test: add unit tests for model validation
2025-09-14 11:17:56 - docs: add comprehensive README
2025-09-14 08:07:56 - feat: add data visualization layer
2025-09-17 08:51:56 - feat: add data visualization layer
2025-09-17 21:09:56 - feat: add data visualization layer
2025-09-17 18:14:56 - docs: add comprehensive README
2025-09-17 21:37:56 - feat: integrate logging and error handling
2025-09-17 08:48:56 - feat: implement core logic
2025-09-23 13:53:56 - chore: update requirements.txt
2025-09-23 09:36:56 - feat: implement model evaluation metrics
2025-09-24 20:38:56 - feat: add data visualization layer
2025-09-24 08:28:56 - feat: implement model evaluation metrics
2025-09-25 17:57:56 - feat: integrate logging and error handling
2025-09-25 20:02:56 - docs: document API endpoints
2025-09-29 12:40:56 - test: add unit tests for model validation
2025-09-29 19:28:56 - docs: add comprehensive README
2025-09-29 20:57:56 - feat: implement model evaluation metrics
2025-10-04 15:03:56 - chore: update requirements.txt
2025-10-04 17:28:56 - feat: integrate logging and error handling
2025-10-04 13:59:56 - feat: implement model evaluation metrics
2025-10-06 18:25:56 - feat: integrate logging and error handling
2025-10-06 18:35:56 - fix: resolve dependency conflicts
2025-10-08 13:03:56 - feat: add data visualization layer
2025-10-08 12:56:56 - docs: document API endpoints
2025-10-08 12:19:56 - chore: update requirements.txt
2025-10-10 09:41:56 - feat: add data visualization layer
2025-10-10 13:05:56 - fix: resolve dependency conflicts
2025-10-10 08:22:56 - fix: resolve dependency conflicts
2025-10-10 18:14:56 - feat: add data visualization layer
2025-10-15 08:07:56 - feat: add data visualization layer
2025-10-15 18:40:56 - docs: document API endpoints
2025-10-15 16:47:56 - chore: update requirements.txt
2025-10-18 11:56:56 - docs: document API endpoints
2025-10-18 14:21:56 - docs: document API endpoints
2025-10-18 11:28:56 - feat: integrate logging and error handling
2025-10-20 11:19:56 - feat: implement model evaluation metrics
2025-10-20 13:11:56 - refactor: optimize data loading performance
2025-10-20 22:11:56 - docs: document API endpoints
2025-10-20 13:53:56 - docs: document API endpoints
2025-10-24 16:04:56 - docs: document API endpoints
2025-10-24 18:20:56 - docs: document API endpoints
2025-10-25 13:33:56 - feat: implement model evaluation metrics
2025-10-25 21:31:56 - feat: implement core logic
2025-10-25 13:01:56 - feat: add data visualization layer
2025-10-28 09:16:56 - feat: add data visualization layer
2025-10-28 08:42:56 - fix: resolve dependency conflicts
2025-10-28 12:43:56 - feat: implement model evaluation metrics
2025-11-01 22:04:56 - feat: implement model evaluation metrics
2025-11-01 12:32:56 - chore: update requirements.txt
2025-11-03 16:37:56 - fix: resolve dependency conflicts
2025-11-03 22:56:56 - feat: implement core logic
2025-11-05 10:55:56 - fix: resolve dependency conflicts
2025-11-05 19:37:56 - feat: implement model evaluation metrics
2025-11-09 22:12:56 - docs: add comprehensive README
2025-11-12 10:17:56 - fix: resolve dependency conflicts
2025-11-12 18:51:56 - docs: document API endpoints
2025-11-12 22:55:56 - feat: integrate logging and error handling
2025-11-15 15:09:56 - feat: implement core logic
2025-11-15 22:25:56 - feat: implement core logic
2025-11-15 14:46:56 - fix: resolve dependency conflicts
2025-11-15 14:35:56 - feat: add data visualization layer
2025-11-16 22:49:56 - feat: implement core logic
2025-11-16 17:42:56 - feat: implement core logic
2025-11-16 18:26:56 - feat: implement core logic
2025-11-16 17:13:56 - fix: resolve dependency conflicts
2025-11-22 09:02:56 - feat: implement model evaluation metrics
2025-11-22 22:55:56 - feat: implement model evaluation metrics
2025-11-22 15:03:56 - feat: implement core logic
2025-11-22 20:02:56 - docs: add comprehensive README
2025-11-22 15:00:56 - feat: implement core logic
2025-11-29 08:23:56 - feat: integrate logging and error handling
2025-12-06 18:49:56 - refactor: optimize data loading performance
2025-12-06 18:56:56 - docs: document API endpoints
2025-12-06 19:49:56 - feat: implement core logic
2025-12-08 21:10:56 - chore: update requirements.txt
2025-12-08 22:17:56 - test: add unit tests for model validation
2025-12-08 16:37:56 - feat: add data visualization layer
2025-12-10 19:56:56 - docs: document API endpoints
2025-12-13 19:35:56 - chore: update requirements.txt
2025-12-15 09:04:56 - refactor: optimize data loading performance
2025-12-15 21:12:56 - feat: add data visualization layer
2025-12-15 14:04:56 - chore: update requirements.txt
2025-12-25 11:56:56 - feat: add data visualization layer
2025-12-25 22:32:56 - fix: resolve dependency conflicts
2025-12-25 22:47:56 - refactor: optimize data loading performance
2025-12-25 22:42:56 - refactor: optimize data loading performance
2025-12-25 22:21:56 - feat: add data visualization layer
2025-12-27 12:49:56 - docs: document API endpoints
2025-12-28 22:29:56 - docs: add comprehensive README
2025-12-28 17:01:56 - feat: implement core logic
2025-12-28 18:58:56 - refactor: optimize data loading performance
2025-12-28 14:11:56 - refactor: optimize data loading performance
2026-01-01 21:11:56 - chore: update requirements.txt
2026-01-01 17:20:56 - feat: integrate logging and error handling
2026-01-01 14:14:56 - docs: add comprehensive README
2026-01-01 13:49:56 - refactor: optimize data loading performance
2026-01-04 14:43:56 - feat: add data visualization layer
2026-01-04 08:37:56 - chore: update requirements.txt
2026-01-05 16:41:56 - test: add unit tests for model validation
2026-01-05 18:04:56 - feat: implement core logic
2026-01-06 13:56:56 - feat: implement model evaluation metrics
2026-01-06 13:38:56 - refactor: optimize data loading performance
2026-01-06 17:59:56 - docs: document API endpoints
2026-01-07 09:40:56 - docs: add comprehensive README
2026-01-07 11:28:56 - feat: implement core logic
2026-01-07 14:14:56 - test: add unit tests for model validation
2026-01-07 10:18:56 - refactor: optimize data loading performance
2026-01-07 14:07:56 - feat: integrate logging and error handling
2026-01-12 10:27:56 - refactor: optimize data loading performance
2026-01-12 12:02:56 - docs: add comprehensive README
2026-01-12 13:27:56 - docs: document API endpoints
2026-01-12 14:26:56 - chore: update requirements.txt
2026-01-16 14:43:56 - feat: integrate logging and error handling
2026-01-16 21:47:56 - feat: add data visualization layer
2026-01-16 16:11:56 - feat: add data visualization layer
2026-01-17 21:03:56 - test: add unit tests for model validation
2026-01-17 14:15:56 - test: add unit tests for model validation
2026-01-17 19:44:56 - feat: implement model evaluation metrics
2026-01-17 11:42:56 - refactor: optimize data loading performance
2026-01-17 13:13:56 - docs: add comprehensive README
2026-01-18 12:07:56 - test: add unit tests for model validation
2026-01-23 08:33:56 - feat: integrate logging and error handling
2026-01-23 17:51:56 - docs: add comprehensive README
2026-01-24 17:25:56 - docs: document API endpoints
2026-01-24 12:34:56 - feat: add data visualization layer
2026-01-28 17:48:56 - docs: add comprehensive README
2026-01-28 22:20:56 - feat: implement core logic
2026-01-28 16:03:56 - docs: add comprehensive README
2026-02-08 22:55:56 - feat: implement model evaluation metrics
2026-02-09 15:51:56 - fix: resolve dependency conflicts
2026-02-10 20:28:56 - feat: add data visualization layer
2026-02-10 19:18:56 - refactor: optimize data loading performance
2026-02-10 19:20:56 - chore: update requirements.txt
2026-02-12 15:24:56 - test: add unit tests for model validation
2026-02-12 16:00:56 - feat: integrate logging and error handling
2026-02-12 21:50:56 - feat: implement model evaluation metrics
2026-02-13 13:12:56 - feat: implement core logic
2026-02-13 12:24:56 - feat: implement core logic
2026-02-13 13:12:56 - docs: document API endpoints
2026-02-13 09:45:56 - fix: resolve dependency conflicts
2026-02-16 13:26:56 - feat: implement model evaluation metrics
